c:\users\test0\onedrive\שולחן העבודה\my_projects\assembly-interpreter\assembly-interpreter\x64\debug\vc143.pdb
c:\users\test0\onedrive\שולחן העבודה\my_projects\assembly-interpreter\assembly-interpreter\x64\debug\vc143.idb
c:\users\test0\onedrive\שולחן העבודה\my_projects\assembly-interpreter\assembly-interpreter\x64\debug\utilities.obj
c:\users\test0\onedrive\שולחן העבודה\my_projects\assembly-interpreter\assembly-interpreter\x64\debug\syntaxerror.obj
c:\users\test0\onedrive\שולחן העבודה\my_projects\assembly-interpreter\assembly-interpreter\x64\debug\source.obj
c:\users\test0\onedrive\שולחן העבודה\my_projects\assembly-interpreter\assembly-interpreter\x64\debug\operatorsnode.obj
c:\users\test0\onedrive\שולחן העבודה\my_projects\assembly-interpreter\assembly-interpreter\x64\debug\opcodesnode.obj
c:\users\test0\onedrive\שולחן העבודה\my_projects\assembly-interpreter\assembly-interpreter\x64\debug\opcode.obj
c:\users\test0\onedrive\שולחן העבודה\my_projects\assembly-interpreter\assembly-interpreter\x64\debug\lexer.obj
c:\users\test0\onedrive\שולחן העבודה\my_projects\assembly-interpreter\assembly-interpreter\x64\debug\exceptions.obj
c:\users\test0\onedrive\שולחן העבודה\my_projects\assembly-interpreter\assembly-interpreter\x64\debug\astparser.obj
c:\users\test0\onedrive\שולחן העבודה\my_projects\assembly-interpreter\assembly-interpreter\x64\debug\astnode.obj
c:\users\test0\onedrive\שולחן העבודה\my_projects\assembly-interpreter\assembly-interpreter\x64\debug\assembly-interpreter.exe
c:\users\test0\onedrive\שולחן העבודה\my_projects\assembly-interpreter\assembly-interpreter\x64\debug\assembly-interpreter.ilk
c:\users\test0\onedrive\שולחן העבודה\my_projects\assembly-interpreter\assembly-interpreter\x64\debug\assembly-interpreter.pdb
c:\users\test0\onedrive\שולחן העבודה\my_projects\assembly-interpreter\assembly-interpreter\x64\debug\assembly.b127c6d1.tlog\cl.command.1.tlog
c:\users\test0\onedrive\שולחן העבודה\my_projects\assembly-interpreter\assembly-interpreter\x64\debug\assembly.b127c6d1.tlog\cl.read.1.tlog
c:\users\test0\onedrive\שולחן העבודה\my_projects\assembly-interpreter\assembly-interpreter\x64\debug\assembly.b127c6d1.tlog\cl.write.1.tlog
c:\users\test0\onedrive\שולחן העבודה\my_projects\assembly-interpreter\assembly-interpreter\x64\debug\assembly.b127c6d1.tlog\link.command.1.tlog
c:\users\test0\onedrive\שולחן העבודה\my_projects\assembly-interpreter\assembly-interpreter\x64\debug\assembly.b127c6d1.tlog\link.read.1.tlog
c:\users\test0\onedrive\שולחן העבודה\my_projects\assembly-interpreter\assembly-interpreter\x64\debug\assembly.b127c6d1.tlog\link.write.1.tlog
